{"/home/kory/dev/kgo/kgo.js":{"path":"/home/kory/dev/kgo/kgo.js","s":{"1":1,"2":1,"3":1,"4":27,"5":1,"6":73,"7":2,"8":71,"9":1,"10":70,"11":70,"12":40,"13":70,"14":70,"15":32,"16":70,"17":6,"18":6,"19":1,"20":5,"21":7,"22":1,"23":6,"24":4,"25":4,"26":64,"27":38,"28":38,"29":64,"30":63,"31":64,"32":1,"33":63,"34":65,"35":1,"36":62,"37":24,"38":62,"39":56,"40":1,"41":61,"42":63,"43":1,"44":62,"45":60,"46":27,"47":25,"48":25,"49":25,"50":25,"51":1},"b":{"1":[1,0],"2":[2,71],"3":[1,70],"4":[32,38],"5":[6,64],"6":[70,44],"7":[1,5],"8":[1,6],"9":[38,26],"10":[63,1],"11":[1,63],"12":[1,64],"13":[24,38],"14":[1,55],"15":[1,62]},"f":{"1":27,"2":73,"3":56,"4":63,"5":25},"fnMap":{"1":{"name":"newKgo","line":5,"loc":{"start":{"line":5,"column":0},"end":{"line":5,"column":17}}},"2":{"name":"kgoFn","line":12,"loc":{"start":{"line":12,"column":4},"end":{"line":12,"column":20}}},"3":{"name":"(anonymous_3)","line":75,"loc":{"start":{"line":75,"column":25},"end":{"line":75,"column":45}}},"4":{"name":"(anonymous_4)","line":81,"loc":{"start":{"line":81,"column":18},"end":{"line":81,"column":32}}},"5":{"name":"(anonymous_5)","line":98,"loc":{"start":{"line":98,"column":10},"end":{"line":98,"column":20}}}},"statementMap":{"1":{"start":{"line":1,"column":0},"end":{"line":1,"column":27}},"2":{"start":{"line":3,"column":0},"end":{"line":3,"column":75}},"3":{"start":{"line":5,"column":0},"end":{"line":104,"column":1}},"4":{"start":{"line":6,"column":4},"end":{"line":10,"column":24}},"5":{"start":{"line":12,"column":4},"end":{"line":94,"column":5}},"6":{"start":{"line":13,"column":8},"end":{"line":15,"column":9}},"7":{"start":{"line":14,"column":12},"end":{"line":14,"column":79}},"8":{"start":{"line":17,"column":8},"end":{"line":19,"column":9}},"9":{"start":{"line":18,"column":12},"end":{"line":18,"column":86}},"10":{"start":{"line":21,"column":8},"end":{"line":21,"column":25}},"11":{"start":{"line":23,"column":8},"end":{"line":25,"column":9}},"12":{"start":{"line":24,"column":12},"end":{"line":24,"column":23}},"13":{"start":{"line":27,"column":8},"end":{"line":29,"column":15}},"14":{"start":{"line":31,"column":8},"end":{"line":33,"column":9}},"15":{"start":{"line":32,"column":12},"end":{"line":32,"column":69}},"16":{"start":{"line":35,"column":8},"end":{"line":50,"column":9}},"17":{"start":{"line":36,"column":12},"end":{"line":36,"column":47}},"18":{"start":{"line":38,"column":12},"end":{"line":40,"column":13}},"19":{"start":{"line":39,"column":16},"end":{"line":39,"column":78}},"20":{"start":{"line":42,"column":12},"end":{"line":47,"column":13}},"21":{"start":{"line":43,"column":16},"end":{"line":45,"column":17}},"22":{"start":{"line":44,"column":20},"end":{"line":44,"column":77}},"23":{"start":{"line":46,"column":16},"end":{"line":46,"column":45}},"24":{"start":{"line":48,"column":12},"end":{"line":48,"column":35}},"25":{"start":{"line":49,"column":12},"end":{"line":49,"column":25}},"26":{"start":{"line":52,"column":8},"end":{"line":55,"column":9}},"27":{"start":{"line":53,"column":12},"end":{"line":53,"column":47}},"28":{"start":{"line":54,"column":12},"end":{"line":54,"column":23}},"29":{"start":{"line":57,"column":8},"end":{"line":59,"column":9}},"30":{"start":{"line":58,"column":12},"end":{"line":58,"column":37}},"31":{"start":{"line":61,"column":8},"end":{"line":63,"column":9}},"32":{"start":{"line":62,"column":12},"end":{"line":62,"column":118}},"33":{"start":{"line":65,"column":8},"end":{"line":69,"column":9}},"34":{"start":{"line":66,"column":12},"end":{"line":68,"column":13}},"35":{"start":{"line":67,"column":16},"end":{"line":67,"column":118}},"36":{"start":{"line":71,"column":8},"end":{"line":73,"column":9}},"37":{"start":{"line":72,"column":12},"end":{"line":72,"column":30}},"38":{"start":{"line":75,"column":8},"end":{"line":79,"column":11}},"39":{"start":{"line":76,"column":12},"end":{"line":78,"column":13}},"40":{"start":{"line":77,"column":16},"end":{"line":77,"column":102}},"41":{"start":{"line":81,"column":8},"end":{"line":91,"column":11}},"42":{"start":{"line":82,"column":12},"end":{"line":84,"column":13}},"43":{"start":{"line":83,"column":16},"end":{"line":83,"column":95}},"44":{"start":{"line":86,"column":12},"end":{"line":90,"column":14}},"45":{"start":{"line":93,"column":8},"end":{"line":93,"column":21}},"46":{"start":{"line":96,"column":4},"end":{"line":96,"column":33}},"47":{"start":{"line":98,"column":4},"end":{"line":101,"column":7}},"48":{"start":{"line":99,"column":8},"end":{"line":99,"column":24}},"49":{"start":{"line":100,"column":8},"end":{"line":100,"column":35}},"50":{"start":{"line":103,"column":4},"end":{"line":103,"column":17}},"51":{"start":{"line":106,"column":0},"end":{"line":106,"column":24}}},"branchMap":{"1":{"line":3,"type":"cond-expr","locations":[{"start":{"line":3,"column":49},"end":{"line":3,"column":61}},{"start":{"line":3,"column":64},"end":{"line":3,"column":74}}]},"2":{"line":13,"type":"if","locations":[{"start":{"line":13,"column":8},"end":{"line":13,"column":8}},{"start":{"line":13,"column":8},"end":{"line":13,"column":8}}]},"3":{"line":17,"type":"if","locations":[{"start":{"line":17,"column":8},"end":{"line":17,"column":8}},{"start":{"line":17,"column":8},"end":{"line":17,"column":8}}]},"4":{"line":31,"type":"if","locations":[{"start":{"line":31,"column":8},"end":{"line":31,"column":8}},{"start":{"line":31,"column":8},"end":{"line":31,"column":8}}]},"5":{"line":35,"type":"if","locations":[{"start":{"line":35,"column":8},"end":{"line":35,"column":8}},{"start":{"line":35,"column":8},"end":{"line":35,"column":8}}]},"6":{"line":35,"type":"binary-expr","locations":[{"start":{"line":35,"column":11},"end":{"line":35,"column":50}},{"start":{"line":35,"column":54},"end":{"line":35,"column":89}}]},"7":{"line":38,"type":"if","locations":[{"start":{"line":38,"column":12},"end":{"line":38,"column":12}},{"start":{"line":38,"column":12},"end":{"line":38,"column":12}}]},"8":{"line":43,"type":"if","locations":[{"start":{"line":43,"column":16},"end":{"line":43,"column":16}},{"start":{"line":43,"column":16},"end":{"line":43,"column":16}}]},"9":{"line":52,"type":"if","locations":[{"start":{"line":52,"column":8},"end":{"line":52,"column":8}},{"start":{"line":52,"column":8},"end":{"line":52,"column":8}}]},"10":{"line":57,"type":"if","locations":[{"start":{"line":57,"column":8},"end":{"line":57,"column":8}},{"start":{"line":57,"column":8},"end":{"line":57,"column":8}}]},"11":{"line":61,"type":"if","locations":[{"start":{"line":61,"column":8},"end":{"line":61,"column":8}},{"start":{"line":61,"column":8},"end":{"line":61,"column":8}}]},"12":{"line":66,"type":"if","locations":[{"start":{"line":66,"column":12},"end":{"line":66,"column":12}},{"start":{"line":66,"column":12},"end":{"line":66,"column":12}}]},"13":{"line":71,"type":"if","locations":[{"start":{"line":71,"column":8},"end":{"line":71,"column":8}},{"start":{"line":71,"column":8},"end":{"line":71,"column":8}}]},"14":{"line":76,"type":"if","locations":[{"start":{"line":76,"column":12},"end":{"line":76,"column":12}},{"start":{"line":76,"column":12},"end":{"line":76,"column":12}}]},"15":{"line":82,"type":"if","locations":[{"start":{"line":82,"column":12},"end":{"line":82,"column":12}},{"start":{"line":82,"column":12},"end":{"line":82,"column":12}}]}}},"/home/kory/dev/kgo/run.js":{"path":"/home/kory/dev/kgo/run.js","s":{"1":1,"2":1,"3":54,"4":54,"5":54,"6":1,"7":54,"8":54,"9":34,"10":34,"11":1,"12":34,"13":7,"14":27,"15":1,"16":104,"17":104,"18":104,"19":104,"20":122,"21":122,"22":43,"23":43,"24":43,"25":79,"26":6,"27":79,"28":79,"29":31,"30":104,"31":104,"32":50,"33":54,"34":47,"35":47,"36":13,"37":13,"38":34,"39":7,"40":7,"41":27,"42":3,"43":24,"44":54,"45":34,"46":54,"47":54,"48":1,"49":58,"50":58,"51":104,"52":104,"53":104,"54":54,"55":56,"56":34,"57":7,"58":34,"59":36,"60":7,"61":29,"62":34,"63":1,"64":25,"65":25,"66":1,"67":54,"68":54,"69":1,"70":25,"71":62,"72":62,"73":62,"74":24,"75":1},"b":{"1":[7,27],"2":[104,0],"3":[43,79],"4":[43,42],"5":[6,73],"6":[31,48],"7":[50,54],"8":[104,46,64,33,9,57,49],"9":[13,34],"10":[7,27],"11":[3,24],"12":[7,27],"13":[34,7],"14":[7,29],"15":[1,53],"16":[54,44,3]},"f":{"1":54,"2":54,"3":34,"4":34,"5":104,"6":34,"7":58,"8":54,"9":56,"10":34,"11":25,"12":54},"fnMap":{"1":{"name":"Step","line":5,"loc":{"start":{"line":5,"column":0},"end":{"line":5,"column":31}}},"2":{"name":"(anonymous_2)","line":10,"loc":{"start":{"line":10,"column":21},"end":{"line":10,"column":31}}},"3":{"name":"(anonymous_3)","line":13,"loc":{"start":{"line":13,"column":49},"end":{"line":13,"column":64}}},"4":{"name":"(anonymous_4)","line":18,"loc":{"start":{"line":18,"column":22},"end":{"line":18,"column":45}}},"5":{"name":"runTask","line":25,"loc":{"start":{"line":25,"column":0},"end":{"line":25,"column":57}}},"6":{"name":"(anonymous_6)","line":90,"loc":{"start":{"line":90,"column":36},"end":{"line":90,"column":60}}},"7":{"name":"run","line":98,"loc":{"start":{"line":98,"column":0},"end":{"line":98,"column":41}}},"8":{"name":"(anonymous_8)","line":110,"loc":{"start":{"line":110,"column":12},"end":{"line":110,"column":27}}},"9":{"name":"(anonymous_9)","line":111,"loc":{"start":{"line":111,"column":26},"end":{"line":111,"column":40}}},"10":{"name":"(anonymous_10)","line":115,"loc":{"start":{"line":115,"column":12},"end":{"line":115,"column":51}}},"11":{"name":"cloneAndRun","line":134,"loc":{"start":{"line":134,"column":0},"end":{"line":134,"column":41}}},"12":{"name":"checkDependencyIsDefined","line":140,"loc":{"start":{"line":140,"column":4},"end":{"line":140,"column":53}}}},"statementMap":{"1":{"start":{"line":1,"column":0},"end":{"line":3,"column":22}},"2":{"start":{"line":5,"column":0},"end":{"line":9,"column":1}},"3":{"start":{"line":6,"column":4},"end":{"line":6,"column":22}},"4":{"start":{"line":7,"column":4},"end":{"line":7,"column":22}},"5":{"start":{"line":8,"column":4},"end":{"line":8,"column":22}},"6":{"start":{"line":10,"column":0},"end":{"line":17,"column":2}},"7":{"start":{"line":11,"column":4},"end":{"line":11,"column":20}},"8":{"start":{"line":13,"column":4},"end":{"line":16,"column":9}},"9":{"start":{"line":14,"column":8},"end":{"line":14,"column":62}},"10":{"start":{"line":15,"column":8},"end":{"line":15,"column":33}},"11":{"start":{"line":18,"column":0},"end":{"line":23,"column":2}},"12":{"start":{"line":19,"column":4},"end":{"line":21,"column":5}},"13":{"start":{"line":20,"column":8},"end":{"line":20,"column":33}},"14":{"start":{"line":22,"column":4},"end":{"line":22,"column":29}},"15":{"start":{"line":25,"column":0},"end":{"line":96,"column":1}},"16":{"start":{"line":26,"column":4},"end":{"line":33,"column":19}},"17":{"start":{"line":35,"column":4},"end":{"line":88,"column":5}},"18":{"start":{"line":36,"column":8},"end":{"line":37,"column":21}},"19":{"start":{"line":39,"column":8},"end":{"line":59,"column":9}},"20":{"start":{"line":40,"column":12},"end":{"line":42,"column":63}},"21":{"start":{"line":44,"column":12},"end":{"line":48,"column":13}},"22":{"start":{"line":45,"column":16},"end":{"line":45,"column":32}},"23":{"start":{"line":46,"column":16},"end":{"line":46,"column":63}},"24":{"start":{"line":47,"column":16},"end":{"line":47,"column":25}},"25":{"start":{"line":50,"column":12},"end":{"line":52,"column":13}},"26":{"start":{"line":51,"column":16},"end":{"line":51,"column":55}},"27":{"start":{"line":54,"column":12},"end":{"line":54,"column":22}},"28":{"start":{"line":56,"column":12},"end":{"line":58,"column":13}},"29":{"start":{"line":57,"column":16},"end":{"line":57,"column":26}},"30":{"start":{"line":61,"column":8},"end":{"line":61,"column":41}},"31":{"start":{"line":63,"column":8},"end":{"line":65,"column":9}},"32":{"start":{"line":64,"column":12},"end":{"line":64,"column":19}},"33":{"start":{"line":67,"column":8},"end":{"line":87,"column":9}},"34":{"start":{"line":68,"column":12},"end":{"line":70,"column":63}},"35":{"start":{"line":72,"column":12},"end":{"line":75,"column":13}},"36":{"start":{"line":73,"column":16},"end":{"line":73,"column":49}},"37":{"start":{"line":74,"column":16},"end":{"line":74,"column":25}},"38":{"start":{"line":77,"column":12},"end":{"line":80,"column":13}},"39":{"start":{"line":78,"column":16},"end":{"line":78,"column":37}},"40":{"start":{"line":79,"column":16},"end":{"line":79,"column":25}},"41":{"start":{"line":82,"column":12},"end":{"line":84,"column":13}},"42":{"start":{"line":83,"column":16},"end":{"line":83,"column":25}},"43":{"start":{"line":86,"column":12},"end":{"line":86,"column":46}},"44":{"start":{"line":90,"column":4},"end":{"line":92,"column":7}},"45":{"start":{"line":91,"column":8},"end":{"line":91,"column":36}},"46":{"start":{"line":94,"column":4},"end":{"line":94,"column":22}},"47":{"start":{"line":95,"column":4},"end":{"line":95,"column":15}},"48":{"start":{"line":98,"column":0},"end":{"line":132,"column":1}},"49":{"start":{"line":99,"column":4},"end":{"line":100,"column":27}},"50":{"start":{"line":102,"column":4},"end":{"line":131,"column":5}},"51":{"start":{"line":103,"column":8},"end":{"line":103,"column":28}},"52":{"start":{"line":104,"column":8},"end":{"line":104,"column":33}},"53":{"start":{"line":106,"column":8},"end":{"line":130,"column":10}},"54":{"start":{"line":111,"column":16},"end":{"line":113,"column":19}},"55":{"start":{"line":112,"column":20},"end":{"line":112,"column":39}},"56":{"start":{"line":116,"column":16},"end":{"line":118,"column":17}},"57":{"start":{"line":117,"column":20},"end":{"line":117,"column":52}},"58":{"start":{"line":120,"column":16},"end":{"line":126,"column":17}},"59":{"start":{"line":121,"column":20},"end":{"line":125,"column":21}},"60":{"start":{"line":122,"column":24},"end":{"line":122,"column":67}},"61":{"start":{"line":124,"column":24},"end":{"line":124,"column":59}},"62":{"start":{"line":128,"column":16},"end":{"line":128,"column":49}},"63":{"start":{"line":134,"column":0},"end":{"line":156,"column":1}},"64":{"start":{"line":135,"column":4},"end":{"line":136,"column":20}},"65":{"start":{"line":138,"column":4},"end":{"line":138,"column":49}},"66":{"start":{"line":140,"column":4},"end":{"line":146,"column":5}},"67":{"start":{"line":141,"column":8},"end":{"line":141,"column":60}},"68":{"start":{"line":143,"column":8},"end":{"line":145,"column":9}},"69":{"start":{"line":144,"column":12},"end":{"line":144,"column":94}},"70":{"start":{"line":148,"column":4},"end":{"line":153,"column":5}},"71":{"start":{"line":149,"column":8},"end":{"line":149,"column":31}},"72":{"start":{"line":150,"column":8},"end":{"line":150,"column":26}},"73":{"start":{"line":152,"column":8},"end":{"line":152,"column":54}},"74":{"start":{"line":155,"column":4},"end":{"line":155,"column":36}},"75":{"start":{"line":158,"column":0},"end":{"line":158,"column":29}}},"branchMap":{"1":{"line":19,"type":"if","locations":[{"start":{"line":19,"column":4},"end":{"line":19,"column":4}},{"start":{"line":19,"column":4},"end":{"line":19,"column":4}}]},"2":{"line":35,"type":"if","locations":[{"start":{"line":35,"column":4},"end":{"line":35,"column":4}},{"start":{"line":35,"column":4},"end":{"line":35,"column":4}}]},"3":{"line":44,"type":"if","locations":[{"start":{"line":44,"column":12},"end":{"line":44,"column":12}},{"start":{"line":44,"column":12},"end":{"line":44,"column":12}}]},"4":{"line":46,"type":"binary-expr","locations":[{"start":{"line":46,"column":27},"end":{"line":46,"column":35}},{"start":{"line":46,"column":39},"end":{"line":46,"column":62}}]},"5":{"line":50,"type":"if","locations":[{"start":{"line":50,"column":12},"end":{"line":50,"column":12}},{"start":{"line":50,"column":12},"end":{"line":50,"column":12}}]},"6":{"line":56,"type":"if","locations":[{"start":{"line":56,"column":12},"end":{"line":56,"column":12}},{"start":{"line":56,"column":12},"end":{"line":56,"column":12}}]},"7":{"line":63,"type":"if","locations":[{"start":{"line":63,"column":8},"end":{"line":63,"column":8}},{"start":{"line":63,"column":8},"end":{"line":63,"column":8}}]},"8":{"line":63,"type":"binary-expr","locations":[{"start":{"line":63,"column":11},"end":{"line":63,"column":22}},{"start":{"line":63,"column":26},"end":{"line":63,"column":35}},{"start":{"line":63,"column":39},"end":{"line":63,"column":47}},{"start":{"line":63,"column":51},"end":{"line":63,"column":59}},{"start":{"line":63,"column":63},"end":{"line":63,"column":72}},{"start":{"line":63,"column":76},"end":{"line":63,"column":85}},{"start":{"line":63,"column":89},"end":{"line":63,"column":94}}]},"9":{"line":72,"type":"if","locations":[{"start":{"line":72,"column":12},"end":{"line":72,"column":12}},{"start":{"line":72,"column":12},"end":{"line":72,"column":12}}]},"10":{"line":77,"type":"if","locations":[{"start":{"line":77,"column":12},"end":{"line":77,"column":12}},{"start":{"line":77,"column":12},"end":{"line":77,"column":12}}]},"11":{"line":82,"type":"if","locations":[{"start":{"line":82,"column":12},"end":{"line":82,"column":12}},{"start":{"line":82,"column":12},"end":{"line":82,"column":12}}]},"12":{"line":116,"type":"if","locations":[{"start":{"line":116,"column":16},"end":{"line":116,"column":16}},{"start":{"line":116,"column":16},"end":{"line":116,"column":16}}]},"13":{"line":116,"type":"binary-expr","locations":[{"start":{"line":116,"column":19},"end":{"line":116,"column":28}},{"start":{"line":116,"column":32},"end":{"line":116,"column":52}}]},"14":{"line":121,"type":"if","locations":[{"start":{"line":121,"column":20},"end":{"line":121,"column":20}},{"start":{"line":121,"column":20},"end":{"line":121,"column":20}}]},"15":{"line":143,"type":"if","locations":[{"start":{"line":143,"column":8},"end":{"line":143,"column":8}},{"start":{"line":143,"column":8},"end":{"line":143,"column":8}}]},"16":{"line":143,"type":"binary-expr","locations":[{"start":{"line":143,"column":11},"end":{"line":143,"column":41}},{"start":{"line":143,"column":45},"end":{"line":143,"column":65}},{"start":{"line":143,"column":69},"end":{"line":143,"column":91}}]}}}}