TN:
SF:/home/kory/dev/kgo/kgo.js
FN:5,newKgo
FN:12,kgoFn
FN:75,(anonymous_3)
FN:81,(anonymous_4)
FN:98,(anonymous_5)
FNF:5
FNH:5
FNDA:27,newKgo
FNDA:73,kgoFn
FNDA:56,(anonymous_3)
FNDA:63,(anonymous_4)
FNDA:25,(anonymous_5)
DA:1,1
DA:3,1
DA:5,1
DA:6,27
DA:12,1
DA:13,73
DA:14,2
DA:17,71
DA:18,1
DA:21,70
DA:23,70
DA:24,40
DA:27,70
DA:31,70
DA:32,32
DA:35,70
DA:36,6
DA:38,6
DA:39,1
DA:42,5
DA:43,7
DA:44,1
DA:46,6
DA:48,4
DA:49,4
DA:52,64
DA:53,38
DA:54,38
DA:57,64
DA:58,63
DA:61,64
DA:62,1
DA:65,63
DA:66,65
DA:67,1
DA:71,62
DA:72,24
DA:75,62
DA:76,56
DA:77,1
DA:81,61
DA:82,63
DA:83,1
DA:86,62
DA:93,60
DA:96,27
DA:98,25
DA:99,25
DA:100,25
DA:103,25
DA:106,1
LF:51
LH:51
BRDA:3,1,0,1
BRDA:3,1,1,0
BRDA:13,2,0,2
BRDA:13,2,1,71
BRDA:17,3,0,1
BRDA:17,3,1,70
BRDA:31,4,0,32
BRDA:31,4,1,38
BRDA:35,5,0,6
BRDA:35,5,1,64
BRDA:35,6,0,70
BRDA:35,6,1,44
BRDA:38,7,0,1
BRDA:38,7,1,5
BRDA:43,8,0,1
BRDA:43,8,1,6
BRDA:52,9,0,38
BRDA:52,9,1,26
BRDA:57,10,0,63
BRDA:57,10,1,1
BRDA:61,11,0,1
BRDA:61,11,1,63
BRDA:66,12,0,1
BRDA:66,12,1,64
BRDA:71,13,0,24
BRDA:71,13,1,38
BRDA:76,14,0,1
BRDA:76,14,1,55
BRDA:82,15,0,1
BRDA:82,15,1,62
BRF:30
BRH:29
end_of_record
TN:
SF:/home/kory/dev/kgo/run.js
FN:5,Step
FN:10,(anonymous_2)
FN:13,(anonymous_3)
FN:18,(anonymous_4)
FN:25,runTask
FN:90,(anonymous_6)
FN:98,run
FN:110,(anonymous_8)
FN:111,(anonymous_9)
FN:115,(anonymous_10)
FN:134,cloneAndRun
FN:140,checkDependencyIsDefined
FNF:12
FNH:12
FNDA:54,Step
FNDA:54,(anonymous_2)
FNDA:34,(anonymous_3)
FNDA:34,(anonymous_4)
FNDA:104,runTask
FNDA:34,(anonymous_6)
FNDA:58,run
FNDA:54,(anonymous_8)
FNDA:56,(anonymous_9)
FNDA:34,(anonymous_10)
FNDA:25,cloneAndRun
FNDA:54,checkDependencyIsDefined
DA:1,1
DA:5,1
DA:6,54
DA:7,54
DA:8,54
DA:10,1
DA:11,54
DA:13,54
DA:14,34
DA:15,34
DA:18,1
DA:19,34
DA:20,7
DA:22,27
DA:25,1
DA:26,104
DA:35,104
DA:36,104
DA:39,104
DA:40,122
DA:44,122
DA:45,43
DA:46,43
DA:47,43
DA:50,79
DA:51,6
DA:54,79
DA:56,79
DA:57,31
DA:61,104
DA:63,104
DA:64,50
DA:67,54
DA:68,47
DA:72,47
DA:73,13
DA:74,13
DA:77,34
DA:78,7
DA:79,7
DA:82,27
DA:83,3
DA:86,24
DA:90,54
DA:91,34
DA:94,54
DA:95,54
DA:98,1
DA:99,58
DA:102,58
DA:103,104
DA:104,104
DA:106,104
DA:111,54
DA:112,56
DA:116,34
DA:117,7
DA:120,34
DA:121,36
DA:122,7
DA:124,29
DA:128,34
DA:134,1
DA:135,25
DA:138,25
DA:140,1
DA:141,54
DA:143,54
DA:144,1
DA:148,25
DA:149,62
DA:150,62
DA:152,62
DA:155,24
DA:158,1
LF:75
LH:75
BRDA:19,1,0,7
BRDA:19,1,1,27
BRDA:35,2,0,104
BRDA:35,2,1,0
BRDA:44,3,0,43
BRDA:44,3,1,79
BRDA:46,4,0,43
BRDA:46,4,1,42
BRDA:50,5,0,6
BRDA:50,5,1,73
BRDA:56,6,0,31
BRDA:56,6,1,48
BRDA:63,7,0,50
BRDA:63,7,1,54
BRDA:63,8,0,104
BRDA:63,8,1,46
BRDA:63,8,2,64
BRDA:63,8,3,33
BRDA:63,8,4,9
BRDA:63,8,5,57
BRDA:63,8,6,49
BRDA:72,9,0,13
BRDA:72,9,1,34
BRDA:77,10,0,7
BRDA:77,10,1,27
BRDA:82,11,0,3
BRDA:82,11,1,24
BRDA:116,12,0,7
BRDA:116,12,1,27
BRDA:116,13,0,34
BRDA:116,13,1,7
BRDA:121,14,0,7
BRDA:121,14,1,29
BRDA:143,15,0,1
BRDA:143,15,1,53
BRDA:143,16,0,54
BRDA:143,16,1,44
BRDA:143,16,2,3
BRF:38
BRH:37
end_of_record
